<?xml version="1.0" encoding="UTF-8"?>
<testsuite xmlns:xsi="http://www.w3.org/2001/XMLSchema-instance" xsi:noNamespaceSchemaLocation="https://maven.apache.org/surefire/maven-surefire-plugin/xsd/surefire-test-report-3.0.xsd" version="3.0" name="com.example.demo.DemoApplicationTests" time="9.085" tests="1" errors="0" skipped="0" failures="0">
  <properties>
[...]
</properties>
  <testcase name="contextLoads" classname="com.example.demo.DemoApplicationTests" time="0.743">
    <system-out><![CDATA[01:03:36.544 [main] INFO org.springframework.test.context.support.AnnotationConfigContextLoaderUtils -- Could not detect default configuration classes for test class [com.example.demo.DemoApplicationTests]: DemoApplicationTests does not declare any static, non-private, non-final, nested classes annotated with @Configuration.
01:03:36.744 [main] INFO org.springframework.boot.test.context.SpringBootTestContextBootstrapper -- Found @SpringBootConfiguration com.example.demo.DemoApplication for test class com.example.demo.DemoApplicationTests

  .   ____          _            __ _ _
 /\\ / ___'_ __ _ _(_)_ __  __ _ \ \ \ \
( ( )\___ | '_ | '_| | '_ \/ _` | \ \ \ \
 \\/  ___)| |_)| | | | | || (_| |  ) ) ) )
  '  |____| .__|_| |_|_| |_\__, | / / / /
 =========|_|==============|___/=/_/_/_/
 :: Spring Boot ::                (v3.1.0)

2023-07-13T01:03:37.541-03:00  INFO 15176 --- [           main] com.example.demo.DemoApplicationTests    : Starting DemoApplicationTests using Java 20 with PID 15176 (started by joaoa in c:\Users\joaoa\Desktop\Internet Explorer\facul\tec prog\projeto final\back\demo)
2023-07-13T01:03:37.543-03:00  INFO 15176 --- [           main] com.example.demo.DemoApplicationTests    : No active profile set, falling back to 1 default profile: "default"
2023-07-13T01:03:38.583-03:00  INFO 15176 --- [           main] .s.d.r.c.RepositoryConfigurationDelegate : Bootstrapping Spring Data JPA repositories in DEFAULT mode.
2023-07-13T01:03:38.693-03:00  INFO 15176 --- [           main] .s.d.r.c.RepositoryConfigurationDelegate : Finished Spring Data repository scanning in 100 ms. Found 5 JPA repository interfaces.
2023-07-13T01:03:39.424-03:00  INFO 15176 --- [           main] com.zaxxer.hikari.HikariDataSource       : HikariPool-1 - Starting...
2023-07-13T01:03:39.854-03:00  INFO 15176 --- [           main] com.zaxxer.hikari.pool.HikariPool        : HikariPool-1 - Added connection conn0: url=jdbc:h2:mem:testdb user=SA
2023-07-13T01:03:39.856-03:00  INFO 15176 --- [           main] com.zaxxer.hikari.HikariDataSource       : HikariPool-1 - Start completed.
2023-07-13T01:03:39.936-03:00  INFO 15176 --- [           main] o.hibernate.jpa.internal.util.LogHelper  : HHH000204: Processing PersistenceUnitInfo [name: default]
2023-07-13T01:03:40.089-03:00  INFO 15176 --- [           main] org.hibernate.Version                    : HHH000412: Hibernate ORM core version 6.2.2.Final
2023-07-13T01:03:40.095-03:00  INFO 15176 --- [           main] org.hibernate.cfg.Environment            : HHH000406: Using bytecode reflection optimizer
2023-07-13T01:03:40.449-03:00  INFO 15176 --- [           main] o.h.b.i.BytecodeProviderInitiator        : HHH000021: Bytecode provider name : bytebuddy
2023-07-13T01:03:40.695-03:00  INFO 15176 --- [           main] o.s.o.j.p.SpringPersistenceUnitInfo      : No LoadTimeWeaver setup: ignoring JPA class transformer
2023-07-13T01:03:40.776-03:00  INFO 15176 --- [           main] org.hibernate.orm.dialect                : HHH035001: Using dialect: org.hibernate.dialect.H2Dialect, version: 2.1.214
2023-07-13T01:03:41.119-03:00  INFO 15176 --- [           main] o.h.b.i.BytecodeProviderInitiator        : HHH000021: Bytecode provider name : bytebuddy
2023-07-13T01:03:42.065-03:00  INFO 15176 --- [           main] o.h.e.t.j.p.i.JtaPlatformInitiator       : HHH000490: Using JtaPlatform implementation: [org.hibernate.engine.transaction.jta.platform.internal.NoJtaPlatform]
Hibernate: 
    drop table if exists tb_admin cascade 
Hibernate: 
    drop table if exists tb_attendant cascade 
Hibernate: 
    drop table if exists tb_doctor cascade 
Hibernate: 
    drop table if exists tb_query cascade 
Hibernate: 
    drop table if exists tb_user cascade 
Hibernate: 
    create table tb_admin (
        id bigint generated by default as identity,
        email varchar(255) unique,
        password varchar(255),
        username varchar(255),
        primary key (id)
    )
Hibernate: 
    create table tb_attendant (
        id bigint generated by default as identity,
        email varchar(255) unique,
        password varchar(255),
        username varchar(255),
        primary key (id)
    )
Hibernate: 
    create table tb_doctor (
        id bigint generated by default as identity,
        name varchar(255),
        photourl varchar(255),
        specialty varchar(255),
        primary key (id)
    )
Hibernate: 
    create table tb_query (
        is_confirmed boolean,
        date timestamp(6),
        doctor_id bigint,
        id bigint generated by default as identity,
        user_id uuid,
        primary key (id)
    )
Hibernate: 
    create table tb_user (
        id uuid not null,
        email varchar(255) unique,
        password varchar(255),
        username varchar(255),
        primary key (id)
    )
Hibernate: 
    alter table if exists tb_query 
       add constraint FK9kyk30rke4b098u8p7cev22sm 
       foreign key (doctor_id) 
       references tb_doctor
Hibernate: 
    alter table if exists tb_query 
       add constraint FK39ppusxw8wp3lviy1qdp6ddgl 
       foreign key (user_id) 
       references tb_user
2023-07-13T01:03:42.157-03:00  INFO 15176 --- [           main] o.h.t.s.i.e.GenerationTargetToDatabase   : HHH000476: Executing script 'file:/C:/Users/joaoa/Desktop/Internet%20Explorer/facul/tec%20prog/projeto%20final/back/demo/target/classes/import.sql'
Hibernate: INSERT INTO tb_user(id, username, email, password) VALUES ('8e0b352f-9adf-4157-96bb-ea0ab3362774','Ana', 'ana@gmail.com', '$2a$10$a6ianqQkC5HGz8iptGUyqOVqe4Cltu3z14zq5sqwhoK/sflaQ7ZUe')
Hibernate: INSERT INTO tb_user(id, username, email, password) VALUES ('df474f9d-3228-45bc-8ce9-1d5191fb2c2f','João', 'joao@gmail.com', '$2a$10$GPTOFymybykXvfoJ.USJuOmQhAIE6UK0kC7dYUkfWaT5wRwD9GG0y')
Hibernate: INSERT INTO tb_admin(username, email, password) VALUES ('ADM', 'ADM@gmail.com', '$2a$10$eH9.IsksiehkvZcWk2zgfuzVA29wPastZJ9.mbrgn.NwRkx4Bk.au')
Hibernate: INSERT INTO tb_doctor(name, specialty, photoURL) VALUES ('Dr. Ricardo Santiago', 'Cardiologia', 'https://images.unsplash.com/photo-1612349317150-e413f6a5b16d?ixlib=rb-4.0.3&ixid=M3wxMjA3fDB8MHxwaG90by1wYWdlfHx8fGVufDB8fHx8fA%3D%3D&auto=format&fit=crop&w=1170&q=80')
Hibernate: INSERT INTO tb_doctor(name, specialty, photoURL) VALUES ('Dra. Ana Valle', 'Dermatologia','https://images.unsplash.com/photo-1559839734-2b71ea197ec2?ixlib=rb-4.0.3&ixid=M3wxMjA3fDB8MHxwaG90by1wYWdlfHx8fGVufDB8fHx8fA%3D%3D&auto=format&fit=crop&w=1170&q=80')
Hibernate: INSERT INTO tb_doctor(name, specialty, photoURL) VALUES ('Dr. Bruno Rodrigues', 'Fisioterapia','https://images.unsplash.com/photo-1622253694242-abeb37a33e97?ixlib=rb-4.0.3&ixid=M3wxMjA3fDB8MHxwaG90by1wYWdlfHx8fGVufDB8fHx8fA%3D%3D&auto=format&fit=crop&w=765&q=80')
2023-07-13T01:03:42.169-03:00  INFO 15176 --- [           main] j.LocalContainerEntityManagerFactoryBean : Initialized JPA EntityManagerFactory for persistence unit 'default'
2023-07-13T01:03:43.010-03:00  INFO 15176 --- [           main] o.s.d.j.r.query.QueryEnhancerFactory     : Hibernate is in classpath; If applicable, HQL parser will be used.
2023-07-13T01:03:43.530-03:00  WARN 15176 --- [           main] JpaBaseConfiguration$JpaWebConfiguration : spring.jpa.open-in-view is enabled by default. Therefore, database queries may be performed during view rendering. Explicitly configure spring.jpa.open-in-view to disable this warning
2023-07-13T01:03:43.918-03:00  INFO 15176 --- [           main] o.s.s.web.DefaultSecurityFilterChain     : Will secure any request with [org.springframework.security.web.session.DisableEncodeUrlFilter@4a234e1f, org.springframework.security.web.context.request.async.WebAsyncManagerIntegrationFilter@406cc81b, org.springframework.security.web.context.SecurityContextHolderFilter@c50503e, org.springframework.security.web.header.HeaderWriterFilter@5834298c, org.springframework.security.web.authentication.logout.LogoutFilter@60f6d689, com.example.demo.utils.FilterToken@15aaf7b1, org.springframework.security.web.savedrequest.RequestCacheAwareFilter@326489c4, org.springframework.security.web.servletapi.SecurityContextHolderAwareRequestFilter@174e5929, org.springframework.security.web.authentication.AnonymousAuthenticationFilter@64ef9b9a, org.springframework.security.web.session.SessionManagementFilter@331eb953, org.springframework.security.web.access.ExceptionTranslationFilter@21f7c0be, org.springframework.security.web.access.intercept.AuthorizationFilter@6919a8a]
2023-07-13T01:03:44.441-03:00  INFO 15176 --- [           main] o.s.b.a.h2.H2ConsoleAutoConfiguration    : H2 console available at '/h2-console'. Database available at 'jdbc:h2:mem:testdb'
2023-07-13T01:03:44.550-03:00  INFO 15176 --- [           main] com.example.demo.DemoApplicationTests    : Started DemoApplicationTests in 7.528 seconds (process running for 9.176)
]]></system-out>
  </testcase>
</testsuite>